-------------------------------------------------------------------------------
Test set: MongoDbConnTest
-------------------------------------------------------------------------------
Tests run: 1, Failures: 0, Errors: 1, Skipped: 0, Time elapsed: 4.059 s <<< FAILURE! - in MongoDbConnTest
TestDB(MongoDbConnTest)  Time elapsed: 0.021 s  <<< ERROR!
java.lang.IllegalStateException: Failed to load ApplicationContext
Caused by: org.springframework.beans.factory.UnsatisfiedDependencyException: Error creating bean with name 'databaseService': Unsatisfied dependency expressed through field 'repository'; nested exception is org.springframework.beans.factory.BeanCreationException: Error creating bean with name 'personalDetailRepository': Cannot resolve reference to bean 'mongoTemplate' while setting bean property 'mongoOperations'; nested exception is org.springframework.beans.factory.BeanCreationException: Error creating bean with name 'mongoTemplate' defined in class path resource [com/pwc/datacenter/bin/MongoConfig.class]: Bean instantiation via factory method failed; nested exception is org.springframework.beans.BeanInstantiationException: Failed to instantiate [org.springframework.data.mongodb.core.MongoTemplate]: Factory method 'mongoTemplate' threw exception; nested exception is java.lang.NoClassDefFoundError: org/springframework/data/mapping/model/MappingException
Caused by: org.springframework.beans.factory.BeanCreationException: Error creating bean with name 'personalDetailRepository': Cannot resolve reference to bean 'mongoTemplate' while setting bean property 'mongoOperations'; nested exception is org.springframework.beans.factory.BeanCreationException: Error creating bean with name 'mongoTemplate' defined in class path resource [com/pwc/datacenter/bin/MongoConfig.class]: Bean instantiation via factory method failed; nested exception is org.springframework.beans.BeanInstantiationException: Failed to instantiate [org.springframework.data.mongodb.core.MongoTemplate]: Factory method 'mongoTemplate' threw exception; nested exception is java.lang.NoClassDefFoundError: org/springframework/data/mapping/model/MappingException
Caused by: org.springframework.beans.factory.BeanCreationException: Error creating bean with name 'mongoTemplate' defined in class path resource [com/pwc/datacenter/bin/MongoConfig.class]: Bean instantiation via factory method failed; nested exception is org.springframework.beans.BeanInstantiationException: Failed to instantiate [org.springframework.data.mongodb.core.MongoTemplate]: Factory method 'mongoTemplate' threw exception; nested exception is java.lang.NoClassDefFoundError: org/springframework/data/mapping/model/MappingException
Caused by: org.springframework.beans.BeanInstantiationException: Failed to instantiate [org.springframework.data.mongodb.core.MongoTemplate]: Factory method 'mongoTemplate' threw exception; nested exception is java.lang.NoClassDefFoundError: org/springframework/data/mapping/model/MappingException
Caused by: java.lang.NoClassDefFoundError: org/springframework/data/mapping/model/MappingException
Caused by: java.lang.ClassNotFoundException: org.springframework.data.mapping.model.MappingException

